<?xml version="1.0" encoding="UTF-8"?>
<!-- Generated by org.testng.reporters.JUnitXMLReporter -->
<testsuite ignored="0" hostname="DESKTOP-I2JN7UT" failures="1" tests="1" name="Create User Account Test" time="7.108" errors="0" timestamp="2024-08-08T17:49:26 BST">
  <testcase classname="com.testProject.testcases.CreateUserAccountTest" name="createUserTest" time="6.863">
    <failure type="java.lang.AssertionError" message="User with the email already registered">
      <![CDATA[java.lang.AssertionError: User with the email already registered
at com.testProject.testcases.CreateUserAccountTest.createUserTest(CreateUserAccountTest.java:55)
at java.base/java.util.ArrayList.forEach(ArrayList.java:1541)
... Removed 28 stack frames]]>
    </failure>
  </testcase> <!-- createUserTest -->
</testsuite> <!-- Create User Account Test -->
