<?xml version="1.0" encoding="UTF-8"?>
<!-- Generated by org.testng.reporters.JUnitXMLReporter -->
<testsuite ignored="0" hostname="DESKTOP-I2JN7UT" failures="1" tests="3" name="User sign In Test" time="15.074" errors="0" timestamp="2024-08-08T17:49:42 BST">
  <testcase classname="com.testProject.testcases.UserSignInTest" name="userSignInTest" time="5.175"/>
  <testcase classname="com.testProject.testcases.UserSignInTest" name="userSignInTest" time="4.699">
    <failure type="java.lang.AssertionError" message="Seems like the Username or password is wrong">
      <![CDATA[java.lang.AssertionError: Seems like the Username or password is wrong
at com.testProject.testcases.UserSignInTest.userSignInTest(UserSignInTest.java:42)
at java.base/java.util.ArrayList.forEach(ArrayList.java:1541)
... Removed 28 stack frames]]>
    </failure>
  </testcase> <!-- userSignInTest -->
  <testcase classname="com.testProject.testcases.UserSignInTest" name="userSignInTest" time="5.05"/>
</testsuite> <!-- User sign In Test -->
